<?xml version="1.0" encoding="UTF-8"?>
<!-- Generated by org.testng.reporters.JUnitReportReporter -->
<testsuite hostname="DESKTOP-4AJ2M39" failures="0" tests="8" name="com.divya.testcases.Tripadvisor" time="17.132" errors="0" timestamp="25 Mar 2020 18:56:01 GMT" skipped="0">
  <testcase classname="com.divya.testcases.Tripadvisor" name="homepageTripAdvisor" time="0.043"/>
  <testcase classname="com.divya.testcases.Tripadvisor" name="enterNameSearchBox" time="3.073"/>
  <testcase classname="com.divya.testcases.Tripadvisor" name="navigatefirst" time="4.323"/>
  <testcase classname="com.divya.testcases.Tripadvisor" name="Review" time="0.188"/>
  <testcase classname="com.divya.testcases.Tripadvisor" name="rating" time="5.864"/>
  <testcase classname="com.divya.testcases.Tripadvisor" name="title" time="3.173"/>
  <testcase classname="com.divya.testcases.Tripadvisor" name="hotelrating" time="0.247"/>
  <testcase classname="com.divya.testcases.Tripadvisor" name="submit" time="0.221"/>
</testsuite> <!-- com.divya.testcases.Tripadvisor -->
